<!DOCTYPE html PUBLIC "-//W3C//DTD XHTML 1.1//EN" "http://www.w3.org/TR/xhtml11/DTD/xhtml11.dtd">
<html xmlns="http://www.w3.org/1999/xhtml"><head><title>TestNG Report</title><style type="text/css">table {margin-bottom:10px;border-collapse:collapse;empty-cells:show}th,td {border:1px solid #009;padding:.25em .5em}th {vertical-align:bottom}td {vertical-align:top}table a {font-weight:bold}.stripe td {background-color: #E6EBF9}.num {text-align:right}.passedodd td {background-color: #3F3}.passedeven td {background-color: #0A0}.skippedodd td {background-color: #DDD}.skippedeven td {background-color: #CCC}.failedodd td,.attn {background-color: #F33}.failedeven td,.stripe .attn {background-color: #D00}.stacktrace {white-space:pre;font-family:monospace}.totop {font-size:85%;text-align:center;border-bottom:2px solid #000}</style></head><body><table><tr><th>Test</th><th># Passed</th><th># Skipped</th><th># Failed</th><th>Time (ms)</th><th>Included Groups</th><th>Excluded Groups</th></tr><tr><th colspan="7">Login Test Cases</th></tr><tr><td><a href="#t0">TC-1. Login validation.</a></td><td class="num">1</td><td class="num attn">1</td><td class="num attn">1</td><td class="num">37,577</td><td></td><td></td></tr><tr class="stripe"><td><a href="#t1">TC-2. Negative Login validation.</a></td><td class="num">0</td><td class="num attn">1</td><td class="num">0</td><td class="num">2,432</td><td></td><td></td></tr><tr><td><a href="#t2">TC-3. Blank UserName validation.</a></td><td class="num">0</td><td class="num attn">1</td><td class="num">0</td><td class="num">2,899</td><td></td><td></td></tr><tr class="stripe"><td><a href="#t3">TC-4. Blank Password validation.</a></td><td class="num">1</td><td class="num">0</td><td class="num">0</td><td class="num">12,247</td><td></td><td></td></tr><tr><th>Total</th><th class="num">2</th><th class="num attn">3</th><th class="num attn">1</th><th class="num">55,155</th><th colspan="2"></th></tr></table><table><thead><tr><th>Class</th><th>Method</th><th>Start</th><th>Time (ms)</th></tr></thead><tbody><tr><th colspan="4">Login Test Cases</th></tr></tbody><tbody id="t0"><tr><th colspan="4">TC-1. Login validation. &#8212; failed (configuration methods)</th></tr><tr class="failedeven"><td rowspan="1">com.index.AddCartIndex</td><td><a href="#m0">setUp</a></td><td rowspan="1">1629378199162</td><td rowspan="1">0</td></tr><tr><th colspan="4">TC-1. Login validation. &#8212; failed</th></tr><tr class="failedeven"><td rowspan="1">com.index.AddCartIndex</td><td><a href="#m1">addProductToCart</a></td><td rowspan="1">1629378182300</td><td rowspan="1">16816</td></tr><tr><th colspan="4">TC-1. Login validation. &#8212; skipped</th></tr><tr class="skippedeven"><td rowspan="1">com.index.AddCartIndex</td><td><a href="#m2">login</a></td><td rowspan="1">1629378202333</td><td rowspan="1">0</td></tr><tr><th colspan="4">TC-1. Login validation. &#8212; passed</th></tr><tr class="passedeven"><td rowspan="1">com.index.LoginIndex</td><td><a href="#m3">login</a></td><td rowspan="1">1629378170306</td><td rowspan="1">6459</td></tr></tbody><tbody id="t1"><tr><th colspan="4">TC-2. Negative Login validation. &#8212; failed (configuration methods)</th></tr><tr class="failedeven"><td rowspan="1">com.index.LoginIndex</td><td><a href="#m4">setUp</a></td><td rowspan="1">1629378202388</td><td rowspan="1">0</td></tr><tr><th colspan="4">TC-2. Negative Login validation. &#8212; skipped</th></tr><tr class="skippedeven"><td rowspan="1">com.index.LoginIndex</td><td><a href="#m5">login_negative</a></td><td rowspan="1">1629378204815</td><td rowspan="1">2</td></tr></tbody><tbody id="t2"><tr><th colspan="4">TC-3. Blank UserName validation. &#8212; failed (configuration methods)</th></tr><tr class="failedeven"><td rowspan="1">com.index.LoginIndex</td><td><a href="#m6">setUp</a></td><td rowspan="1">1629378204845</td><td rowspan="1">0</td></tr><tr><th colspan="4">TC-3. Blank UserName validation. &#8212; skipped</th></tr><tr class="skippedeven"><td rowspan="1">com.index.LoginIndex</td><td><a href="#m7">login_blankUserName</a></td><td rowspan="1">1629378207737</td><td rowspan="1">1</td></tr></tbody><tbody id="t3"><tr><th colspan="4">TC-4. Blank Password validation. &#8212; passed</th></tr><tr class="passedeven"><td rowspan="1">com.index.LoginIndex</td><td><a href="#m8">login_blankPassword</a></td><td rowspan="1">1629378212725</td><td rowspan="1">5617</td></tr></tbody></table><h2>TC-1. Login validation.</h2><h3 id="m0">com.index.AddCartIndex#setUp</h3><table class="result"><tr class="param"><th>Parameter #1</th><th>Parameter #2</th></tr><tr class="param stripe"><td>public void com.index.LoginIndex.login() throws java.lang.Exception</td><td>org.testng.TestRunner@7c351808</td></tr><tr><th colspan="2">Messages</th></tr><tr><td colspan="2"><div class="messages">&lt;br&gt;current test- TC-1. Login validation.<br/>Current Xml Suite is:----&gt;Login Test Cases</div></td></tr><tr><th colspan="2">Exception</th></tr><tr><td colspan="2"><div class="stacktrace">org.openqa.selenium.WebDriverException: unknown error: cannot determine loading status
from disconnected: received Inspector.detached event
  (Session info: chrome=92.0.4515.159)
Build info: version: &apos;3.11.0&apos;, revision: &apos;e59cfb3&apos;, time: &apos;2018-03-11T20:26:55.152Z&apos;
System info: host: &apos;DESKTOP-T134AMI&apos;, ip: &apos;192.168.1.30&apos;, os.name: &apos;Windows 10&apos;, os.arch: &apos;amd64&apos;, os.version: &apos;10.0&apos;, java.version: &apos;1.8.0_261&apos;
Driver info: org.openqa.selenium.chrome.ChromeDriver
Capabilities {acceptInsecureCerts: false, browserName: chrome, browserVersion: 92.0.4515.159, chrome: {chromedriverVersion: 91.0.4472.101 (af52a90bf870..., userDataDir: C:\Users\BAPS\AppData\Local...}, goog:chromeOptions: {debuggerAddress: localhost:61683}, javascriptEnabled: true, networkConnectionEnabled: false, pageLoadStrategy: normal, platform: WINDOWS, platformName: WINDOWS, proxy: Proxy(), setWindowRect: true, strictFileInteractability: false, timeouts: {implicit: 0, pageLoad: 300000, script: 30000}, unhandledPromptBehavior: dismiss and notify, webauthn:extension:largeBlob: true, webauthn:virtualAuthenticators: true}
Session ID: f96db97d5fa6a8677563c7e5324ff4eb
	at org.openqa.selenium.remote.http.W3CHttpResponseCodec.createException(W3CHttpResponseCodec.java:187)
	at org.openqa.selenium.remote.http.W3CHttpResponseCodec.decode(W3CHttpResponseCodec.java:122)
	at org.openqa.selenium.remote.http.W3CHttpResponseCodec.decode(W3CHttpResponseCodec.java:49)
	at org.openqa.selenium.remote.HttpCommandExecutor.execute(HttpCommandExecutor.java:158)
	at org.openqa.selenium.remote.service.DriverCommandExecutor.execute(DriverCommandExecutor.java:83)
	at org.openqa.selenium.remote.RemoteWebDriver.execute(RemoteWebDriver.java:545)
	at org.openqa.selenium.remote.RemoteWebDriver.get(RemoteWebDriver.java:273)
	at com.init.SeleniumInit.setUp(SeleniumInit.java:320)
... Removed 33 stack frames</div></td></tr></table><p class="totop"><a href="#summary">back to summary</a></p><h3 id="m1">com.index.AddCartIndex#addProductToCart</h3><table class="result"><tr><th>Messages</th></tr><tr><td><div class="messages">&lt;br&gt;&lt;/br&gt;&lt;Strong&gt;&lt;font color=#ff0000&gt;Fail                  &lt;/font&gt;&lt;/strong&gt;&lt;img src=&apos;C:\Users\BAPS\git\FrameworkDemo\report-imgs\fail.png&apos; alt=&apos;fail&apos; height=&apos;15&apos; width=&apos;15&apos;/&gt;<br/>&lt;br&gt;&lt;b&gt;&lt;i&gt;Failure Reason:&lt;/b&gt;&lt;/i&gt;<br/>&lt;br&gt;&lt;Strong&gt;&lt;font color=#ff0000&gt;java.lang.NullPointerException&lt;/font&gt;&lt;/strong&gt;</div></td></tr><tr><th>Exception</th></tr><tr><td><div class="stacktrace">java.lang.NullPointerException
	at org.openqa.selenium.remote.internal.WebElementToJsonConverter.apply(WebElementToJsonConverter.java:60)
	at java.util.stream.ReferencePipeline$3$1.accept(ReferencePipeline.java:193)
	at java.util.Spliterators$ArraySpliterator.forEachRemaining(Spliterators.java:948)
	at java.util.stream.AbstractPipeline.copyInto(AbstractPipeline.java:482)
	at java.util.stream.AbstractPipeline.wrapAndCopyInto(AbstractPipeline.java:472)
	at java.util.stream.ReduceOps$ReduceOp.evaluateSequential(ReduceOps.java:708)
	at java.util.stream.AbstractPipeline.evaluate(AbstractPipeline.java:234)
	at java.util.stream.ReferencePipeline.collect(ReferencePipeline.java:499)
	at org.openqa.selenium.remote.RemoteWebDriver.executeScript(RemoteWebDriver.java:477)
	at com.init.Common.highlightElement(Common.java:273)
	at com.init.Common.clickOn(Common.java:256)
	at com.indexPage.AddCartIndexPage.clickOnAddToCart(AddCartIndexPage.java:23)
	at com.index.AddCartIndex.addProductToCart(AddCartIndex.java:11)
... Removed 27 stack frames</div></td></tr></table><p class="totop"><a href="#summary">back to summary</a></p><h3 id="m2">com.index.AddCartIndex#login</h3><table class="result"><tr><th>Messages</th></tr><tr><td><div class="messages">&lt;br&gt;&lt;/br&gt;&lt;Strong&gt;&lt;font color=#ff0000&gt;Fail                  &lt;/font&gt;&lt;/strong&gt;&lt;img src=&apos;C:\Users\BAPS\git\FrameworkDemo\report-imgs\fail.png&apos; alt=&apos;fail&apos; height=&apos;15&apos; width=&apos;15&apos;/&gt;<br/>&lt;br&gt;&lt;b&gt;&lt;i&gt;Failure Reason:&lt;/b&gt;&lt;/i&gt;<br/>&lt;br&gt;&lt;Strong&gt;&lt;font color=#ff0000&gt;java.lang.NullPointerException&lt;/font&gt;&lt;/strong&gt;</div></td></tr></table><p class="totop"><a href="#summary">back to summary</a></p><h3 id="m3">com.index.LoginIndex#login</h3><table class="result"><tr><th>Messages</th></tr><tr><td><div class="messages">&lt;br&gt;Step 1 : Enter username.&lt;br&gt;<br/>&lt;br&gt;Step 2 : Enter password.&lt;br&gt;<br/>&lt;br&gt;Step 3 : Click on Signin button.&lt;br&gt;<br/>&lt;br&gt;Step 4 : Verify &apos;Login&apos; is successful.&lt;br&gt;</div></td></tr></table><p class="totop"><a href="#summary">back to summary</a></p><h2>TC-2. Negative Login validation.</h2><h3 id="m4">com.index.LoginIndex#setUp</h3><table class="result"><tr class="param"><th>Parameter #1</th><th>Parameter #2</th></tr><tr class="param stripe"><td>public void com.index.LoginIndex.login_negative() throws java.lang.Exception</td><td>org.testng.TestRunner@72bd06ca</td></tr><tr><th colspan="2">Messages</th></tr><tr><td colspan="2"><div class="messages">&lt;br&gt;current test- TC-2. Negative Login validation.<br/>Current Xml Suite is:----&gt;Login Test Cases</div></td></tr><tr><th colspan="2">Exception</th></tr><tr><td colspan="2"><div class="stacktrace">org.openqa.selenium.WebDriverException: unknown error: cannot determine loading status
from disconnected: received Inspector.detached event
  (Session info: chrome=92.0.4515.159)
Build info: version: &apos;3.11.0&apos;, revision: &apos;e59cfb3&apos;, time: &apos;2018-03-11T20:26:55.152Z&apos;
System info: host: &apos;DESKTOP-T134AMI&apos;, ip: &apos;192.168.1.30&apos;, os.name: &apos;Windows 10&apos;, os.arch: &apos;amd64&apos;, os.version: &apos;10.0&apos;, java.version: &apos;1.8.0_261&apos;
Driver info: org.openqa.selenium.chrome.ChromeDriver
Capabilities {acceptInsecureCerts: false, browserName: chrome, browserVersion: 92.0.4515.159, chrome: {chromedriverVersion: 91.0.4472.101 (af52a90bf870..., userDataDir: C:\Users\BAPS\AppData\Local...}, goog:chromeOptions: {debuggerAddress: localhost:62464}, javascriptEnabled: true, networkConnectionEnabled: false, pageLoadStrategy: normal, platform: WINDOWS, platformName: WINDOWS, proxy: Proxy(), setWindowRect: true, strictFileInteractability: false, timeouts: {implicit: 0, pageLoad: 300000, script: 30000}, unhandledPromptBehavior: dismiss and notify, webauthn:extension:largeBlob: true, webauthn:virtualAuthenticators: true}
Session ID: 125ef854c5e9198aee96c04ab52d942c
	at org.openqa.selenium.remote.http.W3CHttpResponseCodec.createException(W3CHttpResponseCodec.java:187)
	at org.openqa.selenium.remote.http.W3CHttpResponseCodec.decode(W3CHttpResponseCodec.java:122)
	at org.openqa.selenium.remote.http.W3CHttpResponseCodec.decode(W3CHttpResponseCodec.java:49)
	at org.openqa.selenium.remote.HttpCommandExecutor.execute(HttpCommandExecutor.java:158)
	at org.openqa.selenium.remote.service.DriverCommandExecutor.execute(DriverCommandExecutor.java:83)
	at org.openqa.selenium.remote.RemoteWebDriver.execute(RemoteWebDriver.java:545)
	at org.openqa.selenium.remote.RemoteWebDriver.get(RemoteWebDriver.java:273)
	at com.init.SeleniumInit.setUp(SeleniumInit.java:320)
... Removed 33 stack frames</div></td></tr></table><p class="totop"><a href="#summary">back to summary</a></p><h3 id="m5">com.index.LoginIndex#login_negative</h3><table class="result"><tr><th>Messages</th></tr><tr><td><div class="messages">&lt;br&gt;&lt;/br&gt;&lt;Strong&gt;&lt;font color=#ff0000&gt;Fail                  &lt;/font&gt;&lt;/strong&gt;&lt;img src=&apos;C:\Users\BAPS\git\FrameworkDemo\report-imgs\fail.png&apos; alt=&apos;fail&apos; height=&apos;15&apos; width=&apos;15&apos;/&gt;</div></td></tr></table><p class="totop"><a href="#summary">back to summary</a></p><h2>TC-3. Blank UserName validation.</h2><h3 id="m6">com.index.LoginIndex#setUp</h3><table class="result"><tr class="param"><th>Parameter #1</th><th>Parameter #2</th></tr><tr class="param stripe"><td>public void com.index.LoginIndex.login_blankUserName() throws java.lang.Exception</td><td>org.testng.TestRunner@52500920</td></tr><tr><th colspan="2">Messages</th></tr><tr><td colspan="2"><div class="messages">&lt;br&gt;current test- TC-3. Blank UserName validation.<br/>Current Xml Suite is:----&gt;Login Test Cases</div></td></tr><tr><th colspan="2">Exception</th></tr><tr><td colspan="2"><div class="stacktrace">org.openqa.selenium.WebDriverException: unknown error: cannot determine loading status
from disconnected: received Inspector.detached event
  (Session info: chrome=92.0.4515.159)
Build info: version: &apos;3.11.0&apos;, revision: &apos;e59cfb3&apos;, time: &apos;2018-03-11T20:26:55.152Z&apos;
System info: host: &apos;DESKTOP-T134AMI&apos;, ip: &apos;192.168.1.30&apos;, os.name: &apos;Windows 10&apos;, os.arch: &apos;amd64&apos;, os.version: &apos;10.0&apos;, java.version: &apos;1.8.0_261&apos;
Driver info: org.openqa.selenium.chrome.ChromeDriver
Capabilities {acceptInsecureCerts: false, browserName: chrome, browserVersion: 92.0.4515.159, chrome: {chromedriverVersion: 91.0.4472.101 (af52a90bf870..., userDataDir: C:\Users\BAPS\AppData\Local...}, goog:chromeOptions: {debuggerAddress: localhost:64201}, javascriptEnabled: true, networkConnectionEnabled: false, pageLoadStrategy: normal, platform: WINDOWS, platformName: WINDOWS, proxy: Proxy(), setWindowRect: true, strictFileInteractability: false, timeouts: {implicit: 0, pageLoad: 300000, script: 30000}, unhandledPromptBehavior: dismiss and notify, webauthn:extension:largeBlob: true, webauthn:virtualAuthenticators: true}
Session ID: 4d45d3d46b61a7c039bcbfe433b44d04
	at org.openqa.selenium.remote.http.W3CHttpResponseCodec.createException(W3CHttpResponseCodec.java:187)
	at org.openqa.selenium.remote.http.W3CHttpResponseCodec.decode(W3CHttpResponseCodec.java:122)
	at org.openqa.selenium.remote.http.W3CHttpResponseCodec.decode(W3CHttpResponseCodec.java:49)
	at org.openqa.selenium.remote.HttpCommandExecutor.execute(HttpCommandExecutor.java:158)
	at org.openqa.selenium.remote.service.DriverCommandExecutor.execute(DriverCommandExecutor.java:83)
	at org.openqa.selenium.remote.RemoteWebDriver.execute(RemoteWebDriver.java:545)
	at org.openqa.selenium.remote.RemoteWebDriver.get(RemoteWebDriver.java:273)
	at com.init.SeleniumInit.setUp(SeleniumInit.java:320)
... Removed 33 stack frames</div></td></tr></table><p class="totop"><a href="#summary">back to summary</a></p><h3 id="m7">com.index.LoginIndex#login_blankUserName</h3><table class="result"><tr><th>Messages</th></tr><tr><td><div class="messages">&lt;br&gt;&lt;/br&gt;&lt;Strong&gt;&lt;font color=#ff0000&gt;Fail                  &lt;/font&gt;&lt;/strong&gt;&lt;img src=&apos;C:\Users\BAPS\git\FrameworkDemo\report-imgs\fail.png&apos; alt=&apos;fail&apos; height=&apos;15&apos; width=&apos;15&apos;/&gt;</div></td></tr></table><p class="totop"><a href="#summary">back to summary</a></p><h2>TC-4. Blank Password validation.</h2><h3 id="m8">com.index.LoginIndex#login_blankPassword</h3><table class="result"></table><p class="totop"><a href="#summary">back to summary</a></p></body></html>